<?xml version="1.0" encoding="UTF-8"?>
<!-- Generated by org.testng.reporters.JUnitReportReporter -->
<testsuite hostname="DESKTOP-S6HITMC" failures="0" tests="1" name="ehg.test.App" time="3.378" errors="0" timestamp="2023-02-23T05:54:56 CST" skipped="0">
  <testcase classname="ehg.test.App" name="shouldAnswerWithTrue" time="3.378"/>
  <system-out/>
</testsuite> <!-- ehg.test.App -->
