<?xml version="1.0" encoding="UTF-8"?>
<!-- Generated by org.testng.reporters.JUnitReportReporter -->
<testsuite hostname="DESKTOP-S6HITMC" failures="0" tests="1" name="ehg.App" time="3.910" errors="0" timestamp="2023-02-23T05:24:37 CST" skipped="0">
  <testcase classname="ehg.App" name="shouldAnswerWithTrue" time="3.910"/>
  <system-out/>
</testsuite> <!-- ehg.App -->
