<?xml version="1.0" encoding="UTF-8"?>
<!-- Generated by org.testng.reporters.JUnitReportReporter -->
<testsuite hostname="DESKTOP-S6HITMC" failures="0" tests="1" name="ehg.test.MultipleLoginTest" time="0.516" errors="0" timestamp="2023-02-26T05:01:53 CST" skipped="0">
  <testcase classname="ehg.test.MultipleLoginTest" name="LoginMultipleUsersTest" time="0.516"/>
  <system-out/>
</testsuite> <!-- ehg.test.MultipleLoginTest -->
