<?xml version="1.0" encoding="UTF-8"?>
<!-- Generated by org.testng.reporters.JUnitReportReporter -->
<testsuite hostname="DESKTOP-S6HITMC" failures="0" tests="1" name="ehg.test.SignUpWithGeneratePasswordTest" time="16.510" errors="0" timestamp="2023-02-25T03:37:55 CST" skipped="0">
  <testcase classname="ehg.test.SignUpWithGeneratePasswordTest" name="RegisterUserWithGeneratePasswordTest" time="16.510"/>
  <system-out/>
</testsuite> <!-- ehg.test.SignUpWithGeneratePasswordTest -->
