<?xml version="1.0" encoding="UTF-8"?>
<!-- Generated by org.testng.reporters.JUnitReportReporter -->
<testsuite hostname="DESKTOP-S6HITMC" failures="0" tests="1" name="ehg.tests.App" time="4.486" errors="0" timestamp="2023-02-23T05:31:14 CST" skipped="0">
  <testcase classname="ehg.tests.App" name="shouldAnswerWithTrue" time="4.486"/>
  <system-out/>
</testsuite> <!-- ehg.tests.App -->
