<?xml version="1.0" encoding="UTF-8"?>
<!-- Generated by org.testng.reporters.JUnitReportReporter -->
<testsuite hostname="DESKTOP-S6HITMC" failures="0" tests="1" name="ehg.test.SignUpTest" time="24.728" errors="0" timestamp="2023-02-24T23:16:25 CST" skipped="0">
  <testcase classname="ehg.test.SignUpTest" name="RegisterUserTest" time="24.728"/>
  <system-out/>
</testsuite> <!-- ehg.test.SignUpTest -->
