<?xml version="1.0" encoding="UTF-8"?>
<!-- Generated by org.testng.reporters.JUnitReportReporter -->
<testsuite hostname="DESKTOP-S6HITMC" failures="0" tests="1" name="ehg.test.SignUpTest" time="21.721" errors="0" timestamp="2023-02-25T03:20:57 CST" skipped="0">
  <testcase classname="ehg.test.SignUpTest" name="RegisterUserTest" time="21.721"/>
  <system-out/>
</testsuite> <!-- ehg.test.SignUpTest -->
