<?xml version="1.0" encoding="UTF-8"?>
<!-- Generated by org.testng.reporters.JUnitReportReporter -->
<testsuite hostname="DESKTOP-S6HITMC" failures="0" tests="1" name="ehg.test.SignUpTest" time="3.194" errors="0" timestamp="2023-02-24T07:17:22 CST" skipped="0">
  <testcase classname="ehg.test.SignUpTest" name="RegisterUserTest" time="3.194"/>
  <system-out/>
</testsuite> <!-- ehg.test.SignUpTest -->
